[02:25:07]	File not found: asd
#0 C:\Users\Agel_Nash\OpenServer\domains\modx\evo2\www\manager\includes\config.inc.php(89): require_once()
#1 C:\Users\Agel_Nash\OpenServer\domains\modx\evo2\www\index.php(98): include_once('C:\Users\Agel_N...')
#2 {main}

C:\Users\Agel_Nash\OpenServer\domains\modx\evo2\www\core\bootstrap\start.php#55

[02:25:07]	File not found: asd
#0 C:\Users\Agel_Nash\OpenServer\domains\modx\evo2\www\manager\includes\config.inc.php(89): require_once()
#1 C:\Users\Agel_Nash\OpenServer\domains\modx\evo2\www\index.php(98): include_once('C:\Users\Agel_N...')
#2 {main}

C:\Users\Agel_Nash\OpenServer\domains\modx\evo2\www\core\bootstrap\start.php#55

[02:25:08]	File not found: asd
#0 C:\Users\Agel_Nash\OpenServer\domains\modx\evo2\www\manager\includes\config.inc.php(89): require_once()
#1 C:\Users\Agel_Nash\OpenServer\domains\modx\evo2\www\index.php(98): include_once('C:\Users\Agel_N...')
#2 {main}

C:\Users\Agel_Nash\OpenServer\domains\modx\evo2\www\core\bootstrap\start.php#55

[02:25:13]	File not found: asd
#0 C:\Users\Agel_Nash\OpenServer\domains\modx\evo2\www\manager\includes\config.inc.php(89): require_once()
#1 C:\Users\Agel_Nash\OpenServer\domains\modx\evo2\www\index.php(98): include_once('C:\Users\Agel_N...')
#2 {main}

C:\Users\Agel_Nash\OpenServer\domains\modx\evo2\www\core\bootstrap\start.php#55

[02:25:31]	File not found: asd
#0 C:\Users\Agel_Nash\OpenServer\domains\modx\evo2\www\manager\includes\config.inc.php(89): require_once()
#1 C:\Users\Agel_Nash\OpenServer\domains\modx\evo2\www\index.php(98): include_once('C:\Users\Agel_N...')
#2 {main}

C:\Users\Agel_Nash\OpenServer\domains\modx\evo2\www\core\bootstrap\start.php#55

[02:26:30]	File not found: asd
#0 C:\Users\Agel_Nash\OpenServer\domains\modx\evo2\www\manager\includes\config.inc.php(89): require_once()
#1 C:\Users\Agel_Nash\OpenServer\domains\modx\evo2\www\index.php(98): include_once('C:\Users\Agel_N...')
#2 {main}

C:\Users\Agel_Nash\OpenServer\domains\modx\evo2\www\core\bootstrap\start.php#55

[02:27:11]	File not found: asd
#0 C:\Users\Agel_Nash\OpenServer\domains\modx\evo2\www\manager\includes\config.inc.php(89): require_once()
#1 C:\Users\Agel_Nash\OpenServer\domains\modx\evo2\www\index.php(98): include_once('C:\Users\Agel_N...')
#2 {main}

C:\Users\Agel_Nash\OpenServer\domains\modx\evo2\www\core\bootstrap\start.php#55

[02:27:12]	File not found: asd
#0 C:\Users\Agel_Nash\OpenServer\domains\modx\evo2\www\manager\includes\config.inc.php(89): require_once()
#1 C:\Users\Agel_Nash\OpenServer\domains\modx\evo2\www\index.php(98): include_once('C:\Users\Agel_N...')
#2 {main}

C:\Users\Agel_Nash\OpenServer\domains\modx\evo2\www\core\bootstrap\start.php#55

[02:27:18]	File not found: asd
#0 C:\Users\Agel_Nash\OpenServer\domains\modx\evo2\www\manager\includes\config.inc.php(89): require_once()
#1 C:\Users\Agel_Nash\OpenServer\domains\modx\evo2\www\index.php(98): include_once('C:\Users\Agel_N...')
#2 {main}

C:\Users\Agel_Nash\OpenServer\domains\modx\evo2\www\core\bootstrap\start.php#55

[02:27:28]	File not found: asd
#0 C:\Users\Agel_Nash\OpenServer\domains\modx\evo2\www\manager\includes\config.inc.php(89): require_once()
#1 C:\Users\Agel_Nash\OpenServer\domains\modx\evo2\www\index.php(98): include_once('C:\Users\Agel_N...')
#2 {main}

C:\Users\Agel_Nash\OpenServer\domains\modx\evo2\www\core\bootstrap\start.php#55

[02:27:31]	File not found: asd
#0 C:\Users\Agel_Nash\OpenServer\domains\modx\evo2\www\manager\includes\config.inc.php(89): require_once()
#1 C:\Users\Agel_Nash\OpenServer\domains\modx\evo2\www\index.php(98): include_once('C:\Users\Agel_N...')
#2 {main}

C:\Users\Agel_Nash\OpenServer\domains\modx\evo2\www\core\bootstrap\start.php#55

[02:27:35]	File not found: asd
#0 C:\Users\Agel_Nash\OpenServer\domains\modx\evo2\www\manager\includes\config.inc.php(89): require_once()
#1 C:\Users\Agel_Nash\OpenServer\domains\modx\evo2\www\index.php(98): include_once('C:\Users\Agel_N...')
#2 {main}

C:\Users\Agel_Nash\OpenServer\domains\modx\evo2\www\core\bootstrap\start.php#55

[02:27:54]	File not found: asd
#0 C:\Users\Agel_Nash\OpenServer\domains\modx\evo2\www\manager\includes\config.inc.php(89): require_once()
#1 C:\Users\Agel_Nash\OpenServer\domains\modx\evo2\www\index.php(98): include_once('C:\Users\Agel_N...')
#2 {main}

C:\Users\Agel_Nash\OpenServer\domains\modx\evo2\www\core\bootstrap\start.php#55

[02:28:09]	File not found: asd
#0 C:\Users\Agel_Nash\OpenServer\domains\modx\evo2\www\manager\includes\config.inc.php(89): require_once()
#1 C:\Users\Agel_Nash\OpenServer\domains\modx\evo2\www\index.php(98): include_once('C:\Users\Agel_N...')
#2 {main}

C:\Users\Agel_Nash\OpenServer\domains\modx\evo2\www\core\bootstrap\start.php#55

[02:28:21]	File not found: asd
#0 C:\Users\Agel_Nash\OpenServer\domains\modx\evo2\www\manager\includes\config.inc.php(89): require_once()
#1 C:\Users\Agel_Nash\OpenServer\domains\modx\evo2\www\index.php(98): include_once('C:\Users\Agel_N...')
#2 {main}

C:\Users\Agel_Nash\OpenServer\domains\modx\evo2\www\core\bootstrap\start.php#55

[02:28:52]	File not found: asd
#0 C:\Users\Agel_Nash\OpenServer\domains\modx\evo2\www\manager\includes\config.inc.php(89): require_once()
#1 C:\Users\Agel_Nash\OpenServer\domains\modx\evo2\www\index.php(98): include_once('C:\Users\Agel_N...')
#2 {main}

C:\Users\Agel_Nash\OpenServer\domains\modx\evo2\www\core\bootstrap\start.php#55

[02:31:11]	File not found: asd
#0 C:\Users\Agel_Nash\OpenServer\domains\modx\evo2\www\manager\includes\config.inc.php(89): require_once()
#1 C:\Users\Agel_Nash\OpenServer\domains\modx\evo2\www\index.php(98): include_once('C:\Users\Agel_N...')
#2 {main}

C:\Users\Agel_Nash\OpenServer\domains\modx\evo2\www\core\bootstrap\start.php#55

[02:31:19]	File not found: asd
C:\Users\Agel_Nash\OpenServer\domains\modx\evo2\www\core\bootstrap\start.php#55

[02:39:00]	require() [<a href='function.require'>function.require</a>]: Failed opening required 'C:\Users\Agel_Nash\OpenServer\domains\modx\evo2\www\core\bootstrap/src/\MODxCore\Config.php' (include_path='.;C:/Users/Agel_Nash/OpenServer/modules/php/PHP-5.3.22/;C:/Users/Agel_Nash/OpenServer/modules/php/PHP-5.3.22/PEAR')
C:\Users\Agel_Nash\OpenServer\domains\modx\evo2\www\core\lib\SplClassLoader.class.php#132

[02:45:40]	Call to undefined method MODxCore\Config::init()
C:\Users\Agel_Nash\OpenServer\domains\modx\evo2\www\manager\includes\config.inc.php#91

[03:01:35]	Call to a member function connect() on a non-object
C:\Users\Agel_Nash\OpenServer\domains\modx\evo2\www\core\src\MODxCore\DocumentParser.php#1537

[03:01:36]	Call to a member function connect() on a non-object
C:\Users\Agel_Nash\OpenServer\domains\modx\evo2\www\core\src\MODxCore\DocumentParser.php#1537

[03:02:50]	Call to a member function connect() on a non-object
C:\Users\Agel_Nash\OpenServer\domains\modx\evo2\www\core\src\MODxCore\DocumentParser.php#1537

[03:02:50]	Call to a member function connect() on a non-object
C:\Users\Agel_Nash\OpenServer\domains\modx\evo2\www\core\src\MODxCore\DocumentParser.php#1537

[03:02:51]	Call to a member function connect() on a non-object
C:\Users\Agel_Nash\OpenServer\domains\modx\evo2\www\core\src\MODxCore\DocumentParser.php#1537

